<?xml version="1.0" encoding="UTF-8"?>
<!-- Generated by org.testng.reporters.JUnitXMLReporter -->
<testsuite ignored="0" hostname="LAPTOP-LRA4M34E" failures="1" tests="2" name="Test" time="63.673" errors="0" timestamp="2024-03-07T10:24:55 IST">
  <testcase classname="testCases.TC_001_AccountRegistrationTest1" name="verify_Account_Registration" time="9.877"/>
  <testcase classname="testCases.TC_002_LoginTest" name="verify_login" time="19.711">
    <failure type="java.lang.AssertionError" message="null">
      <![CDATA[java.lang.AssertionError: null
at testCases.TC_002_LoginTest.verify_login(TC_002_LoginTest.java:51)
at java.base/java.util.ArrayList.forEach(ArrayList.java:1511)
... Removed 29 stack frames]]>
    </failure>
  </testcase> <!-- verify_login -->
</testsuite> <!-- Test -->
