<?xml version="1.0" encoding="UTF-8"?>
<testng-results ignored="0" total="2" passed="2" failed="0" skipped="0">
  <reporter-output>
  </reporter-output>
  <suite started-at="2024-03-07T10:45:26 IST" name="Suite" finished-at="2024-03-07T10:46:26 IST" duration-ms="59838">
    <groups>
      <group name="regression">
        <method signature="TC_002_LoginTest.verify_login()[pri:0, instance:testCases.TC_002_LoginTest@750e2b97]" name="verify_login" class="testCases.TC_002_LoginTest"/>
      </group> <!-- regression -->
      <group name="sanity">
        <method signature="TC_001_AccountRegistrationTest1.verify_Account_Registration()[pri:0, instance:testCases.TC_001_AccountRegistrationTest1@71ba6d4e]" name="verify_Account_Registration" class="testCases.TC_001_AccountRegistrationTest1"/>
      </group> <!-- sanity -->
      <group name="master">
        <method signature="TC_001_AccountRegistrationTest1.verify_Account_Registration()[pri:0, instance:testCases.TC_001_AccountRegistrationTest1@71ba6d4e]" name="verify_Account_Registration" class="testCases.TC_001_AccountRegistrationTest1"/>
        <method signature="TC_002_LoginTest.verify_login()[pri:0, instance:testCases.TC_002_LoginTest@750e2b97]" name="verify_login" class="testCases.TC_002_LoginTest"/>
      </group> <!-- master -->
    </groups>
    <test started-at="2024-03-07T10:45:26 IST" name="Test" finished-at="2024-03-07T10:46:26 IST" duration-ms="59838">
      <class name="testCases.TC_002_LoginTest">
        <test-method is-config="true" signature="setup(java.lang.String,java.lang.String)[pri:0, instance:testCases.TC_002_LoginTest@750e2b97]" started-at="2024-03-07T10:45:44 IST" name="setup" finished-at="2024-03-07T10:45:54 IST" duration-ms="10065" status="PASS">
          <params>
            <param index="0">
              <value>
                <![CDATA[Windows]]>
              </value>
            </param>
            <param index="1">
              <value>
                <![CDATA[chrome]]>
              </value>
            </param>
          </params>
          <reporter-output>
          </reporter-output>
        </test-method> <!-- setup -->
        <test-method signature="verify_login()[pri:0, instance:testCases.TC_002_LoginTest@750e2b97]" started-at="2024-03-07T10:45:54 IST" name="verify_login" finished-at="2024-03-07T10:46:26 IST" duration-ms="32430" status="PASS">
          <reporter-output>
          </reporter-output>
        </test-method> <!-- verify_login -->
        <test-method is-config="true" signature="teardown()[pri:0, instance:testCases.TC_002_LoginTest@750e2b97]" started-at="2024-03-07T10:46:26 IST" name="teardown" finished-at="2024-03-07T10:46:26 IST" duration-ms="150" status="PASS">
          <reporter-output>
          </reporter-output>
        </test-method> <!-- teardown -->
      </class> <!-- testCases.TC_002_LoginTest -->
      <class name="testCases.TC_001_AccountRegistrationTest1">
        <test-method is-config="true" signature="setup(java.lang.String,java.lang.String)[pri:0, instance:testCases.TC_001_AccountRegistrationTest1@71ba6d4e]" started-at="2024-03-07T10:45:27 IST" name="setup" finished-at="2024-03-07T10:45:40 IST" duration-ms="12966" status="PASS">
          <params>
            <param index="0">
              <value>
                <![CDATA[Windows]]>
              </value>
            </param>
            <param index="1">
              <value>
                <![CDATA[chrome]]>
              </value>
            </param>
          </params>
          <reporter-output>
          </reporter-output>
        </test-method> <!-- setup -->
        <test-method signature="verify_Account_Registration()[pri:0, instance:testCases.TC_001_AccountRegistrationTest1@71ba6d4e]" started-at="2024-03-07T10:45:40 IST" name="verify_Account_Registration" finished-at="2024-03-07T10:45:43 IST" duration-ms="3395" status="PASS">
          <reporter-output>
          </reporter-output>
        </test-method> <!-- verify_Account_Registration -->
        <test-method is-config="true" signature="teardown()[pri:0, instance:testCases.TC_001_AccountRegistrationTest1@71ba6d4e]" started-at="2024-03-07T10:45:43 IST" name="teardown" finished-at="2024-03-07T10:45:44 IST" duration-ms="291" status="PASS">
          <reporter-output>
          </reporter-output>
        </test-method> <!-- teardown -->
      </class> <!-- testCases.TC_001_AccountRegistrationTest1 -->
    </test> <!-- Test -->
  </suite> <!-- Suite -->
</testng-results>
